
AVRASM ver. 2.1.30  E:\HwProgramming\Chicken\List\hatcher.asm Mon Dec 19 12:12:00 2016

                 
                 
                 ;CodeVisionAVR C Compiler V2.05.3 Standard
                 ;(C) Copyright 1998-2011 Pavel Haiduc, HP InfoTech s.r.l.
                 ;http://www.hpinfotech.com
                 
                 ;Chip type                : ATmega8
                 ;Program type             : Application
                 ;Clock frequency          : 1.000000 MHz
                 ;Memory model             : Small
                 ;Optimize for             : Size
                 ;(s)printf features       : int, width
                 ;(s)scanf features        : int, width
                 ;External RAM size        : 0
                 ;Data Stack size          : 256 byte(s)
                 ;Heap size                : 0 byte(s)
                 ;Promote 'char' to 'int'  : Yes
                 ;'char' is unsigned       : Yes
                 ;8 bit enums              : Yes
                 ;Global 'const' stored in FLASH     : No
                 ;Enhanced function parameter passing: Yes
                 ;Enhanced core instructions         : On
                 ;Smart register allocation          : On
                 ;Automatic register allocation      : On
                 
                 	#pragma AVRPART ADMIN PART_NAME ATmega8
                 	#pragma AVRPART MEMORY PROG_FLASH 8192
                 	#pragma AVRPART MEMORY EEPROM 512
                 	#pragma AVRPART MEMORY INT_SRAM SIZE 1119
                 	#pragma AVRPART MEMORY INT_SRAM START_ADDR 0x60
                 
                 	.LISTMAC
                 	.EQU UDRE=0x5
                 	.EQU RXC=0x7
                 	.EQU USR=0xB
                 	.EQU UDR=0xC
                 	.EQU SPSR=0xE
                 	.EQU SPDR=0xF
                 	.EQU EERE=0x0
                 	.EQU EEWE=0x1
                 	.EQU EEMWE=0x2
                 	.EQU EECR=0x1C
                 	.EQU EEDR=0x1D
                 	.EQU EEARL=0x1E
                 	.EQU EEARH=0x1F
                 	.EQU WDTCR=0x21
                 	.EQU MCUCR=0x35
                 	.EQU GICR=0x3B
                 	.EQU SPL=0x3D
                 	.EQU SPH=0x3E
                 	.EQU SREG=0x3F
                 
                 	.DEF R0X0=R0
                 	.DEF R0X1=R1
                 	.DEF R0X2=R2
                 	.DEF R0X3=R3
                 	.DEF R0X4=R4
                 	.DEF R0X5=R5
                 	.DEF R0X6=R6
                 	.DEF R0X7=R7
                 	.DEF R0X8=R8
                 	.DEF R0X9=R9
                 	.DEF R0XA=R10
                 	.DEF R0XB=R11
                 	.DEF R0XC=R12
                 	.DEF R0XD=R13
                 	.DEF R0XE=R14
                 	.DEF R0XF=R15
                 	.DEF R0X10=R16
                 	.DEF R0X11=R17
                 	.DEF R0X12=R18
                 	.DEF R0X13=R19
                 	.DEF R0X14=R20
                 	.DEF R0X15=R21
                 	.DEF R0X16=R22
                 	.DEF R0X17=R23
                 	.DEF R0X18=R24
                 	.DEF R0X19=R25
                 	.DEF R0X1A=R26
                 	.DEF R0X1B=R27
                 	.DEF R0X1C=R28
                 	.DEF R0X1D=R29
                 	.DEF R0X1E=R30
                 	.DEF R0X1F=R31
                 
                 	.EQU __SRAM_START=0x0060
                 	.EQU __SRAM_END=0x045F
                 	.EQU __DSTACK_SIZE=0x0100
                 	.EQU __HEAP_SIZE=0x0000
                 	.EQU __CLEAR_SRAM_SIZE=__SRAM_END-__SRAM_START+1
                 
                 	.MACRO __CPD1N
                 	CPI  R30,LOW(@0)
                 	LDI  R26,HIGH(@0)
                 	CPC  R31,R26
                 	LDI  R26,BYTE3(@0)
                 	CPC  R22,R26
                 	LDI  R26,BYTE4(@0)
                 	CPC  R23,R26
                 	.ENDM
                 
                 	.MACRO __CPD2N
                 	CPI  R26,LOW(@0)
                 	LDI  R30,HIGH(@0)
                 	CPC  R27,R30
                 	LDI  R30,BYTE3(@0)
                 	CPC  R24,R30
                 	LDI  R30,BYTE4(@0)
                 	CPC  R25,R30
                 	.ENDM
                 
                 	.MACRO __CPWRR
                 	CP   R@0,R@2
                 	CPC  R@1,R@3
                 	.ENDM
                 
                 	.MACRO __CPWRN
                 	CPI  R@0,LOW(@2)
                 	LDI  R30,HIGH(@2)
                 	CPC  R@1,R30
                 	.ENDM
                 
                 	.MACRO __ADDB1MN
                 	SUBI R30,LOW(-@0-(@1))
                 	.ENDM
                 
                 	.MACRO __ADDB2MN
                 	SUBI R26,LOW(-@0-(@1))
                 	.ENDM
                 
                 	.MACRO __ADDW1MN
                 	SUBI R30,LOW(-@0-(@1))
                 	SBCI R31,HIGH(-@0-(@1))
                 	.ENDM
                 
                 	.MACRO __ADDW2MN
                 	SUBI R26,LOW(-@0-(@1))
                 	SBCI R27,HIGH(-@0-(@1))
                 	.ENDM
                 
                 	.MACRO __ADDW1FN
                 	SUBI R30,LOW(-2*@0-(@1))
                 	SBCI R31,HIGH(-2*@0-(@1))
                 	.ENDM
                 
                 	.MACRO __ADDD1FN
                 	SUBI R30,LOW(-2*@0-(@1))
                 	SBCI R31,HIGH(-2*@0-(@1))
                 	SBCI R22,BYTE3(-2*@0-(@1))
                 	.ENDM
                 
                 	.MACRO __ADDD1N
                 	SUBI R30,LOW(-@0)
                 	SBCI R31,HIGH(-@0)
                 	SBCI R22,BYTE3(-@0)
                 	SBCI R23,BYTE4(-@0)
                 	.ENDM
                 
                 	.MACRO __ADDD2N
                 	SUBI R26,LOW(-@0)
                 	SBCI R27,HIGH(-@0)
                 	SBCI R24,BYTE3(-@0)
                 	SBCI R25,BYTE4(-@0)
                 	.ENDM
                 
                 	.MACRO __SUBD1N
                 	SUBI R30,LOW(@0)
                 	SBCI R31,HIGH(@0)
                 	SBCI R22,BYTE3(@0)
                 	SBCI R23,BYTE4(@0)
                 	.ENDM
                 
                 	.MACRO __SUBD2N
                 	SUBI R26,LOW(@0)
                 	SBCI R27,HIGH(@0)
                 	SBCI R24,BYTE3(@0)
                 	SBCI R25,BYTE4(@0)
                 	.ENDM
                 
                 	.MACRO __ANDBMNN
                 	LDS  R30,@0+(@1)
                 	ANDI R30,LOW(@2)
                 	STS  @0+(@1),R30
                 	.ENDM
                 
                 	.MACRO __ANDWMNN
                 	LDS  R30,@0+(@1)
                 	ANDI R30,LOW(@2)
                 	STS  @0+(@1),R30
                 	LDS  R30,@0+(@1)+1
                 	ANDI R30,HIGH(@2)
                 	STS  @0+(@1)+1,R30
                 	.ENDM
                 
                 	.MACRO __ANDD1N
                 	ANDI R30,LOW(@0)
                 	ANDI R31,HIGH(@0)
                 	ANDI R22,BYTE3(@0)
                 	ANDI R23,BYTE4(@0)
                 	.ENDM
                 
                 	.MACRO __ANDD2N
                 	ANDI R26,LOW(@0)
                 	ANDI R27,HIGH(@0)
                 	ANDI R24,BYTE3(@0)
                 	ANDI R25,BYTE4(@0)
                 	.ENDM
                 
                 	.MACRO __ORBMNN
                 	LDS  R30,@0+(@1)
                 	ORI  R30,LOW(@2)
                 	STS  @0+(@1),R30
                 	.ENDM
                 
                 	.MACRO __ORWMNN
                 	LDS  R30,@0+(@1)
                 	ORI  R30,LOW(@2)
                 	STS  @0+(@1),R30
                 	LDS  R30,@0+(@1)+1
                 	ORI  R30,HIGH(@2)
                 	STS  @0+(@1)+1,R30
                 	.ENDM
                 
                 	.MACRO __ORD1N
                 	ORI  R30,LOW(@0)
                 	ORI  R31,HIGH(@0)
                 	ORI  R22,BYTE3(@0)
                 	ORI  R23,BYTE4(@0)
                 	.ENDM
                 
                 	.MACRO __ORD2N
                 	ORI  R26,LOW(@0)
                 	ORI  R27,HIGH(@0)
                 	ORI  R24,BYTE3(@0)
                 	ORI  R25,BYTE4(@0)
                 	.ENDM
                 
                 	.MACRO __DELAY_USB
                 	LDI  R24,LOW(@0)
                 __DELAY_USB_LOOP:
                 	DEC  R24
                 	BRNE __DELAY_USB_LOOP
                 	.ENDM
                 
                 	.MACRO __DELAY_USW
                 	LDI  R24,LOW(@0)
                 	LDI  R25,HIGH(@0)
                 __DELAY_USW_LOOP:
                 	SBIW R24,1
                 	BRNE __DELAY_USW_LOOP
                 	.ENDM
                 
                 	.MACRO __GETD1S
                 	LDD  R30,Y+@0
                 	LDD  R31,Y+@0+1
                 	LDD  R22,Y+@0+2
                 	LDD  R23,Y+@0+3
                 	.ENDM
                 
                 	.MACRO __GETD2S
                 	LDD  R26,Y+@0
                 	LDD  R27,Y+@0+1
                 	LDD  R24,Y+@0+2
                 	LDD  R25,Y+@0+3
                 	.ENDM
                 
                 	.MACRO __PUTD1S
                 	STD  Y+@0,R30
                 	STD  Y+@0+1,R31
                 	STD  Y+@0+2,R22
                 	STD  Y+@0+3,R23
                 	.ENDM
                 
                 	.MACRO __PUTD2S
                 	STD  Y+@0,R26
                 	STD  Y+@0+1,R27
                 	STD  Y+@0+2,R24
                 	STD  Y+@0+3,R25
                 	.ENDM
                 
                 	.MACRO __PUTDZ2
                 	STD  Z+@0,R26
                 	STD  Z+@0+1,R27
                 	STD  Z+@0+2,R24
                 	STD  Z+@0+3,R25
                 	.ENDM
                 
                 	.MACRO __CLRD1S
                 	STD  Y+@0,R30
                 	STD  Y+@0+1,R30
                 	STD  Y+@0+2,R30
                 	STD  Y+@0+3,R30
                 	.ENDM
                 
                 	.MACRO __POINTB1MN
                 	LDI  R30,LOW(@0+(@1))
                 	.ENDM
                 
                 	.MACRO __POINTW1MN
                 	LDI  R30,LOW(@0+(@1))
                 	LDI  R31,HIGH(@0+(@1))
                 	.ENDM
                 
                 	.MACRO __POINTD1M
                 	LDI  R30,LOW(@0)
                 	LDI  R31,HIGH(@0)
                 	LDI  R22,BYTE3(@0)
                 	LDI  R23,BYTE4(@0)
                 	.ENDM
                 
                 	.MACRO __POINTW1FN
                 	LDI  R30,LOW(2*@0+(@1))
                 	LDI  R31,HIGH(2*@0+(@1))
                 	.ENDM
                 
                 	.MACRO __POINTD1FN
                 	LDI  R30,LOW(2*@0+(@1))
                 	LDI  R31,HIGH(2*@0+(@1))
                 	LDI  R22,BYTE3(2*@0+(@1))
                 	LDI  R23,BYTE4(2*@0+(@1))
                 	.ENDM
                 
                 	.MACRO __POINTB2MN
                 	LDI  R26,LOW(@0+(@1))
                 	.ENDM
                 
                 	.MACRO __POINTW2MN
                 	LDI  R26,LOW(@0+(@1))
                 	LDI  R27,HIGH(@0+(@1))
                 	.ENDM
                 
                 	.MACRO __POINTW2FN
                 	LDI  R26,LOW(2*@0+(@1))
                 	LDI  R27,HIGH(2*@0+(@1))
                 	.ENDM
                 
                 	.MACRO __POINTD2FN
                 	LDI  R26,LOW(2*@0+(@1))
                 	LDI  R27,HIGH(2*@0+(@1))
                 	LDI  R24,BYTE3(2*@0+(@1))
                 	LDI  R25,BYTE4(2*@0+(@1))
                 	.ENDM
                 
                 	.MACRO __POINTBRM
                 	LDI  R@0,LOW(@1)
                 	.ENDM
                 
                 	.MACRO __POINTWRM
                 	LDI  R@0,LOW(@2)
                 	LDI  R@1,HIGH(@2)
                 	.ENDM
                 
                 	.MACRO __POINTBRMN
                 	LDI  R@0,LOW(@1+(@2))
                 	.ENDM
                 
                 	.MACRO __POINTWRMN
                 	LDI  R@0,LOW(@2+(@3))
                 	LDI  R@1,HIGH(@2+(@3))
                 	.ENDM
                 
                 	.MACRO __POINTWRFN
                 	LDI  R@0,LOW(@2*2+(@3))
                 	LDI  R@1,HIGH(@2*2+(@3))
                 	.ENDM
                 
                 	.MACRO __GETD1N
                 	LDI  R30,LOW(@0)
                 	LDI  R31,HIGH(@0)
                 	LDI  R22,BYTE3(@0)
                 	LDI  R23,BYTE4(@0)
                 	.ENDM
                 
                 	.MACRO __GETD2N
                 	LDI  R26,LOW(@0)
                 	LDI  R27,HIGH(@0)
                 	LDI  R24,BYTE3(@0)
                 	LDI  R25,BYTE4(@0)
                 	.ENDM
                 
                 	.MACRO __GETB1MN
                 	LDS  R30,@0+(@1)
                 	.ENDM
                 
                 	.MACRO __GETB1HMN
                 	LDS  R31,@0+(@1)
                 	.ENDM
                 
                 	.MACRO __GETW1MN
                 	LDS  R30,@0+(@1)
                 	LDS  R31,@0+(@1)+1
                 	.ENDM
                 
                 	.MACRO __GETD1MN
                 	LDS  R30,@0+(@1)
                 	LDS  R31,@0+(@1)+1
                 	LDS  R22,@0+(@1)+2
                 	LDS  R23,@0+(@1)+3
                 	.ENDM
                 
                 	.MACRO __GETBRMN
                 	LDS  R@0,@1+(@2)
                 	.ENDM
                 
                 	.MACRO __GETWRMN
                 	LDS  R@0,@2+(@3)
                 	LDS  R@1,@2+(@3)+1
                 	.ENDM
                 
                 	.MACRO __GETWRZ
                 	LDD  R@0,Z+@2
                 	LDD  R@1,Z+@2+1
                 	.ENDM
                 
                 	.MACRO __GETD2Z
                 	LDD  R26,Z+@0
                 	LDD  R27,Z+@0+1
                 	LDD  R24,Z+@0+2
                 	LDD  R25,Z+@0+3
                 	.ENDM
                 
                 	.MACRO __GETB2MN
                 	LDS  R26,@0+(@1)
                 	.ENDM
                 
                 	.MACRO __GETW2MN
                 	LDS  R26,@0+(@1)
                 	LDS  R27,@0+(@1)+1
                 	.ENDM
                 
                 	.MACRO __GETD2MN
                 	LDS  R26,@0+(@1)
                 	LDS  R27,@0+(@1)+1
                 	LDS  R24,@0+(@1)+2
                 	LDS  R25,@0+(@1)+3
                 	.ENDM
                 
                 	.MACRO __PUTB1MN
                 	STS  @0+(@1),R30
                 	.ENDM
                 
                 	.MACRO __PUTW1MN
                 	STS  @0+(@1),R30
                 	STS  @0+(@1)+1,R31
                 	.ENDM
                 
                 	.MACRO __PUTD1MN
                 	STS  @0+(@1),R30
                 	STS  @0+(@1)+1,R31
                 	STS  @0+(@1)+2,R22
                 	STS  @0+(@1)+3,R23
                 	.ENDM
                 
                 	.MACRO __PUTB1EN
                 	LDI  R26,LOW(@0+(@1))
                 	LDI  R27,HIGH(@0+(@1))
                 	RCALL __EEPROMWRB
                 	.ENDM
                 
                 	.MACRO __PUTW1EN
                 	LDI  R26,LOW(@0+(@1))
                 	LDI  R27,HIGH(@0+(@1))
                 	RCALL __EEPROMWRW
                 	.ENDM
                 
                 	.MACRO __PUTD1EN
                 	LDI  R26,LOW(@0+(@1))
                 	LDI  R27,HIGH(@0+(@1))
                 	RCALL __EEPROMWRD
                 	.ENDM
                 
                 	.MACRO __PUTBR0MN
                 	STS  @0+(@1),R0
                 	.ENDM
                 
                 	.MACRO __PUTBMRN
                 	STS  @0+(@1),R@2
                 	.ENDM
                 
                 	.MACRO __PUTWMRN
                 	STS  @0+(@1),R@2
                 	STS  @0+(@1)+1,R@3
                 	.ENDM
                 
                 	.MACRO __PUTBZR
                 	STD  Z+@1,R@0
                 	.ENDM
                 
                 	.MACRO __PUTWZR
                 	STD  Z+@2,R@0
                 	STD  Z+@2+1,R@1
                 	.ENDM
                 
                 	.MACRO __GETW1R
                 	MOV  R30,R@0
                 	MOV  R31,R@1
                 	.ENDM
                 
                 	.MACRO __GETW2R
                 	MOV  R26,R@0
                 	MOV  R27,R@1
                 	.ENDM
                 
                 	.MACRO __GETWRN
                 	LDI  R@0,LOW(@2)
                 	LDI  R@1,HIGH(@2)
                 	.ENDM
                 
                 	.MACRO __PUTW1R
                 	MOV  R@0,R30
                 	MOV  R@1,R31
                 	.ENDM
                 
                 	.MACRO __PUTW2R
                 	MOV  R@0,R26
                 	MOV  R@1,R27
                 	.ENDM
                 
                 	.MACRO __ADDWRN
                 	SUBI R@0,LOW(-@2)
                 	SBCI R@1,HIGH(-@2)
                 	.ENDM
                 
                 	.MACRO __ADDWRR
                 	ADD  R@0,R@2
                 	ADC  R@1,R@3
                 	.ENDM
                 
                 	.MACRO __SUBWRN
                 	SUBI R@0,LOW(@2)
                 	SBCI R@1,HIGH(@2)
                 	.ENDM
                 
                 	.MACRO __SUBWRR
                 	SUB  R@0,R@2
                 	SBC  R@1,R@3
                 	.ENDM
                 
                 	.MACRO __ANDWRN
                 	ANDI R@0,LOW(@2)
                 	ANDI R@1,HIGH(@2)
                 	.ENDM
                 
                 	.MACRO __ANDWRR
                 	AND  R@0,R@2
                 	AND  R@1,R@3
                 	.ENDM
                 
                 	.MACRO __ORWRN
                 	ORI  R@0,LOW(@2)
                 	ORI  R@1,HIGH(@2)
                 	.ENDM
                 
                 	.MACRO __ORWRR
                 	OR   R@0,R@2
                 	OR   R@1,R@3
                 	.ENDM
                 
                 	.MACRO __EORWRR
                 	EOR  R@0,R@2
                 	EOR  R@1,R@3
                 	.ENDM
                 
                 	.MACRO __GETWRS
                 	LDD  R@0,Y+@2
                 	LDD  R@1,Y+@2+1
                 	.ENDM
                 
                 	.MACRO __PUTBSR
                 	STD  Y+@1,R@0
                 	.ENDM
                 
                 	.MACRO __PUTWSR
                 	STD  Y+@2,R@0
                 	STD  Y+@2+1,R@1
                 	.ENDM
                 
                 	.MACRO __MOVEWRR
                 	MOV  R@0,R@2
                 	MOV  R@1,R@3
                 	.ENDM
                 
                 	.MACRO __INWR
                 	IN   R@0,@2
                 	IN   R@1,@2+1
                 	.ENDM
                 
                 	.MACRO __OUTWR
                 	OUT  @2+1,R@1
                 	OUT  @2,R@0
                 	.ENDM
                 
                 	.MACRO __CALL1MN
                 	LDS  R30,@0+(@1)
                 	LDS  R31,@0+(@1)+1
                 	ICALL
                 	.ENDM
                 
                 	.MACRO __CALL1FN
                 	LDI  R30,LOW(2*@0+(@1))
                 	LDI  R31,HIGH(2*@0+(@1))
                 	RCALL __GETW1PF
                 	ICALL
                 	.ENDM
                 
                 	.MACRO __CALL2EN
                 	LDI  R26,LOW(@0+(@1))
                 	LDI  R27,HIGH(@0+(@1))
                 	RCALL __EEPROMRDW
                 	ICALL
                 	.ENDM
                 
                 	.MACRO __GETW1STACK
                 	IN   R26,SPL
                 	IN   R27,SPH
                 	ADIW R26,@0+1
                 	LD   R30,X+
                 	LD   R31,X
                 	.ENDM
                 
                 	.MACRO __GETD1STACK
                 	IN   R26,SPL
                 	IN   R27,SPH
                 	ADIW R26,@0+1
                 	LD   R30,X+
                 	LD   R31,X+
                 	LD   R22,X
                 	.ENDM
                 
                 	.MACRO __NBST
                 	BST  R@0,@1
                 	IN   R30,SREG
                 	LDI  R31,0x40
                 	EOR  R30,R31
                 	OUT  SREG,R30
                 	.ENDM
                 
                 
                 	.MACRO __PUTB1SN
                 	LDD  R26,Y+@0
                 	LDD  R27,Y+@0+1
                 	SUBI R26,LOW(-@1)
                 	SBCI R27,HIGH(-@1)
                 	ST   X,R30
                 	.ENDM
                 
                 	.MACRO __PUTW1SN
                 	LDD  R26,Y+@0
                 	LDD  R27,Y+@0+1
                 	SUBI R26,LOW(-@1)
                 	SBCI R27,HIGH(-@1)
                 	ST   X+,R30
                 	ST   X,R31
                 	.ENDM
                 
                 	.MACRO __PUTD1SN
                 	LDD  R26,Y+@0
                 	LDD  R27,Y+@0+1
                 	SUBI R26,LOW(-@1)
                 	SBCI R27,HIGH(-@1)
                 	RCALL __PUTDP1
                 	.ENDM
                 
                 	.MACRO __PUTB1SNS
                 	LDD  R26,Y+@0
                 	LDD  R27,Y+@0+1
                 	ADIW R26,@1
                 	ST   X,R30
                 	.ENDM
                 
                 	.MACRO __PUTW1SNS
                 	LDD  R26,Y+@0
                 	LDD  R27,Y+@0+1
                 	ADIW R26,@1
                 	ST   X+,R30
                 	ST   X,R31
                 	.ENDM
                 
                 	.MACRO __PUTD1SNS
                 	LDD  R26,Y+@0
                 	LDD  R27,Y+@0+1
                 	ADIW R26,@1
                 	RCALL __PUTDP1
                 	.ENDM
                 
                 	.MACRO __PUTB1PMN
                 	LDS  R26,@0
                 	LDS  R27,@0+1
                 	SUBI R26,LOW(-@1)
                 	SBCI R27,HIGH(-@1)
                 	ST   X,R30
                 	.ENDM
                 
                 	.MACRO __PUTW1PMN
                 	LDS  R26,@0
                 	LDS  R27,@0+1
                 	SUBI R26,LOW(-@1)
                 	SBCI R27,HIGH(-@1)
                 	ST   X+,R30
                 	ST   X,R31
                 	.ENDM
                 
                 	.MACRO __PUTD1PMN
                 	LDS  R26,@0
                 	LDS  R27,@0+1
                 	SUBI R26,LOW(-@1)
                 	SBCI R27,HIGH(-@1)
                 	RCALL __PUTDP1
                 	.ENDM
                 
                 	.MACRO __PUTB1PMNS
                 	LDS  R26,@0
                 	LDS  R27,@0+1
                 	ADIW R26,@1
                 	ST   X,R30
                 	.ENDM
                 
                 	.MACRO __PUTW1PMNS
                 	LDS  R26,@0
                 	LDS  R27,@0+1
                 	ADIW R26,@1
                 	ST   X+,R30
                 	ST   X,R31
                 	.ENDM
                 
                 	.MACRO __PUTD1PMNS
                 	LDS  R26,@0
                 	LDS  R27,@0+1
                 	ADIW R26,@1
                 	RCALL __PUTDP1
                 	.ENDM
                 
                 	.MACRO __PUTB1RN
                 	MOVW R26,R@0
                 	SUBI R26,LOW(-@1)
                 	SBCI R27,HIGH(-@1)
                 	ST   X,R30
                 	.ENDM
                 
                 	.MACRO __PUTW1RN
                 	MOVW R26,R@0
                 	SUBI R26,LOW(-@1)
                 	SBCI R27,HIGH(-@1)
                 	ST   X+,R30
                 	ST   X,R31
                 	.ENDM
                 
                 	.MACRO __PUTD1RN
                 	MOVW R26,R@0
                 	SUBI R26,LOW(-@1)
                 	SBCI R27,HIGH(-@1)
                 	RCALL __PUTDP1
                 	.ENDM
                 
                 	.MACRO __PUTB1RNS
                 	MOVW R26,R@0
                 	ADIW R26,@1
                 	ST   X,R30
                 	.ENDM
                 
                 	.MACRO __PUTW1RNS
                 	MOVW R26,R@0
                 	ADIW R26,@1
                 	ST   X+,R30
                 	ST   X,R31
                 	.ENDM
                 
                 	.MACRO __PUTD1RNS
                 	MOVW R26,R@0
                 	ADIW R26,@1
                 	RCALL __PUTDP1
                 	.ENDM
                 
                 	.MACRO __PUTB1RON
                 	MOV  R26,R@0
                 	MOV  R27,R@1
                 	SUBI R26,LOW(-@2)
                 	SBCI R27,HIGH(-@2)
                 	ST   X,R30
                 	.ENDM
                 
                 	.MACRO __PUTW1RON
                 	MOV  R26,R@0
                 	MOV  R27,R@1
                 	SUBI R26,LOW(-@2)
                 	SBCI R27,HIGH(-@2)
                 	ST   X+,R30
                 	ST   X,R31
                 	.ENDM
                 
                 	.MACRO __PUTD1RON
                 	MOV  R26,R@0
                 	MOV  R27,R@1
                 	SUBI R26,LOW(-@2)
                 	SBCI R27,HIGH(-@2)
                 	RCALL __PUTDP1
                 	.ENDM
                 
                 	.MACRO __PUTB1RONS
                 	MOV  R26,R@0
                 	MOV  R27,R@1
                 	ADIW R26,@2
                 	ST   X,R30
                 	.ENDM
                 
                 	.MACRO __PUTW1RONS
                 	MOV  R26,R@0
                 	MOV  R27,R@1
                 	ADIW R26,@2
                 	ST   X+,R30
                 	ST   X,R31
                 	.ENDM
                 
                 	.MACRO __PUTD1RONS
                 	MOV  R26,R@0
                 	MOV  R27,R@1
                 	ADIW R26,@2
                 	RCALL __PUTDP1
                 	.ENDM
                 
                 
                 	.MACRO __GETB1SX
                 	MOVW R30,R28
                 	SUBI R30,LOW(-@0)
                 	SBCI R31,HIGH(-@0)
                 	LD   R30,Z
                 	.ENDM
                 
                 	.MACRO __GETB1HSX
                 	MOVW R30,R28
                 	SUBI R30,LOW(-@0)
                 	SBCI R31,HIGH(-@0)
                 	LD   R31,Z
                 	.ENDM
                 
                 	.MACRO __GETW1SX
                 	MOVW R30,R28
                 	SUBI R30,LOW(-@0)
                 	SBCI R31,HIGH(-@0)
                 	LD   R0,Z+
                 	LD   R31,Z
                 	MOV  R30,R0
                 	.ENDM
                 
                 	.MACRO __GETD1SX
                 	MOVW R30,R28
                 	SUBI R30,LOW(-@0)
                 	SBCI R31,HIGH(-@0)
                 	LD   R0,Z+
                 	LD   R1,Z+
                 	LD   R22,Z+
                 	LD   R23,Z
                 	MOVW R30,R0
                 	.ENDM
                 
                 	.MACRO __GETB2SX
                 	MOVW R26,R28
                 	SUBI R26,LOW(-@0)
                 	SBCI R27,HIGH(-@0)
                 	LD   R26,X
                 	.ENDM
                 
                 	.MACRO __GETW2SX
                 	MOVW R26,R28
                 	SUBI R26,LOW(-@0)
                 	SBCI R27,HIGH(-@0)
                 	LD   R0,X+
                 	LD   R27,X
                 	MOV  R26,R0
                 	.ENDM
                 
                 	.MACRO __GETD2SX
                 	MOVW R26,R28
                 	SUBI R26,LOW(-@0)
                 	SBCI R27,HIGH(-@0)
                 	LD   R0,X+
                 	LD   R1,X+
                 	LD   R24,X+
                 	LD   R25,X
                 	MOVW R26,R0
                 	.ENDM
                 
                 	.MACRO __GETBRSX
                 	MOVW R30,R28
                 	SUBI R30,LOW(-@1)
                 	SBCI R31,HIGH(-@1)
                 	LD   R@0,Z
                 	.ENDM
                 
                 	.MACRO __GETWRSX
                 	MOVW R30,R28
                 	SUBI R30,LOW(-@2)
                 	SBCI R31,HIGH(-@2)
                 	LD   R@0,Z+
                 	LD   R@1,Z
                 	.ENDM
                 
                 	.MACRO __GETBRSX2
                 	MOVW R26,R28
                 	SUBI R26,LOW(-@1)
                 	SBCI R27,HIGH(-@1)
                 	LD   R@0,X
                 	.ENDM
                 
                 	.MACRO __GETWRSX2
                 	MOVW R26,R28
                 	SUBI R26,LOW(-@2)
                 	SBCI R27,HIGH(-@2)
                 	LD   R@0,X+
                 	LD   R@1,X
                 	.ENDM
                 
                 	.MACRO __LSLW8SX
                 	MOVW R30,R28
                 	SUBI R30,LOW(-@0)
                 	SBCI R31,HIGH(-@0)
                 	LD   R31,Z
                 	CLR  R30
                 	.ENDM
                 
                 	.MACRO __PUTB1SX
                 	MOVW R26,R28
                 	SUBI R26,LOW(-@0)
                 	SBCI R27,HIGH(-@0)
                 	ST   X,R30
                 	.ENDM
                 
                 	.MACRO __PUTW1SX
                 	MOVW R26,R28
                 	SUBI R26,LOW(-@0)
                 	SBCI R27,HIGH(-@0)
                 	ST   X+,R30
                 	ST   X,R31
                 	.ENDM
                 
                 	.MACRO __PUTD1SX
                 	MOVW R26,R28
                 	SUBI R26,LOW(-@0)
                 	SBCI R27,HIGH(-@0)
                 	ST   X+,R30
                 	ST   X+,R31
                 	ST   X+,R22
                 	ST   X,R23
                 	.ENDM
                 
                 	.MACRO __CLRW1SX
                 	MOVW R26,R28
                 	SUBI R26,LOW(-@0)
                 	SBCI R27,HIGH(-@0)
                 	ST   X+,R30
                 	ST   X,R30
                 	.ENDM
                 
                 	.MACRO __CLRD1SX
                 	MOVW R26,R28
                 	SUBI R26,LOW(-@0)
                 	SBCI R27,HIGH(-@0)
                 	ST   X+,R30
                 	ST   X+,R30
                 	ST   X+,R30
                 	ST   X,R30
                 	.ENDM
                 
                 	.MACRO __PUTB2SX
                 	MOVW R30,R28
                 	SUBI R30,LOW(-@0)
                 	SBCI R31,HIGH(-@0)
                 	ST   Z,R26
                 	.ENDM
                 
                 	.MACRO __PUTW2SX
                 	MOVW R30,R28
                 	SUBI R30,LOW(-@0)
                 	SBCI R31,HIGH(-@0)
                 	ST   Z+,R26
                 	ST   Z,R27
                 	.ENDM
                 
                 	.MACRO __PUTD2SX
                 	MOVW R30,R28
                 	SUBI R30,LOW(-@0)
                 	SBCI R31,HIGH(-@0)
                 	ST   Z+,R26
                 	ST   Z+,R27
                 	ST   Z+,R24
                 	ST   Z,R25
                 	.ENDM
                 
                 	.MACRO __PUTBSRX
                 	MOVW R30,R28
                 	SUBI R30,LOW(-@1)
                 	SBCI R31,HIGH(-@1)
                 	ST   Z,R@0
                 	.ENDM
                 
                 	.MACRO __PUTWSRX
                 	MOVW R30,R28
                 	SUBI R30,LOW(-@2)
                 	SBCI R31,HIGH(-@2)
                 	ST   Z+,R@0
                 	ST   Z,R@1
                 	.ENDM
                 
                 	.MACRO __PUTB1SNX
                 	MOVW R26,R28
                 	SUBI R26,LOW(-@0)
                 	SBCI R27,HIGH(-@0)
                 	LD   R0,X+
                 	LD   R27,X
                 	MOV  R26,R0
                 	SUBI R26,LOW(-@1)
                 	SBCI R27,HIGH(-@1)
                 	ST   X,R30
                 	.ENDM
                 
                 	.MACRO __PUTW1SNX
                 	MOVW R26,R28
                 	SUBI R26,LOW(-@0)
                 	SBCI R27,HIGH(-@0)
                 	LD   R0,X+
                 	LD   R27,X
                 	MOV  R26,R0
                 	SUBI R26,LOW(-@1)
                 	SBCI R27,HIGH(-@1)
                 	ST   X+,R30
                 	ST   X,R31
                 	.ENDM
                 
                 	.MACRO __PUTD1SNX
                 	MOVW R26,R28
                 	SUBI R26,LOW(-@0)
                 	SBCI R27,HIGH(-@0)
                 	LD   R0,X+
                 	LD   R27,X
                 	MOV  R26,R0
                 	SUBI R26,LOW(-@1)
                 	SBCI R27,HIGH(-@1)
                 	ST   X+,R30
                 	ST   X+,R31
                 	ST   X+,R22
                 	ST   X,R23
                 	.ENDM
                 
                 	.MACRO __MULBRR
                 	MULS R@0,R@1
                 	MOVW R30,R0
                 	.ENDM
                 
                 	.MACRO __MULBRRU
                 	MUL  R@0,R@1
                 	MOVW R30,R0
                 	.ENDM
                 
                 	.MACRO __MULBRR0
                 	MULS R@0,R@1
                 	.ENDM
                 
                 	.MACRO __MULBRRU0
                 	MUL  R@0,R@1
                 	.ENDM
                 
                 	.MACRO __MULBNWRU
                 	LDI  R26,@2
                 	MUL  R26,R@0
                 	MOVW R30,R0
                 	MUL  R26,R@1
                 	ADD  R31,R0
                 	.ENDM
                 
                 	.CSEG
                 	.ORG 0x00
                 
                 ;START OF CODE MARKER
                 __START_OF_CODE:
                 
                 ;INTERRUPT VECTORS
000000 c021      	RJMP __RESET
000001 cffe      	RJMP 0x00
000002 cffd      	RJMP 0x00
000003 cffc      	RJMP 0x00
000004 cffb      	RJMP 0x00
000005 cffa      	RJMP 0x00
000006 cff9      	RJMP 0x00
000007 cff8      	RJMP 0x00
000008 cff7      	RJMP 0x00
000009 cff6      	RJMP 0x00
00000a cff5      	RJMP 0x00
00000b cff4      	RJMP 0x00
00000c cff3      	RJMP 0x00
00000d cff2      	RJMP 0x00
00000e cff1      	RJMP 0x00
00000f cff0      	RJMP 0x00
000010 cfef      	RJMP 0x00
000011 cfee      	RJMP 0x00
000012 cfed      	RJMP 0x00
                 
                 _0x25:
000013 3231
000014 3433
000015 3635
000016 2020      	.DB  0x31,0x32,0x33,0x34,0x35,0x36,0x20,0x20
000017 0020      	.DB  0x20,0x0
                 _0x2000060:
E:\HwProgramming\Chicken\List\hatcher.asm(1100): warning: .cseg .db misalignment - padding zero byte
000018 0001      	.DB  0x1
                 _0x2000000:
000019 4e2d
00001a 4e41
00001b 4900
00001c 464e      	.DB  0x2D,0x4E,0x41,0x4E,0x0,0x49,0x4E,0x46
E:\HwProgramming\Chicken\List\hatcher.asm(1103): warning: .cseg .db misalignment - padding zero byte
00001d 0000      	.DB  0x0
                 
                 __GLOBAL_INI_TBL:
00001e 0001      	.DW  0x01
00001f 0160      	.DW  __seed_G100
000020 0030      	.DW  _0x2000060*2
                 
                 _0xFFFFFFFF:
000021 0000      	.DW  0
                 
                 __RESET:
000022 94f8      	CLI
000023 27ee      	CLR  R30
000024 bbec      	OUT  EECR,R30
                 
                 ;INTERRUPT VECTORS ARE PLACED
                 ;AT THE START OF FLASH
000025 e0f1      	LDI  R31,1
000026 bffb      	OUT  GICR,R31
000027 bfeb      	OUT  GICR,R30
000028 bfe5      	OUT  MCUCR,R30
                 
                 ;DISABLE WATCHDOG
000029 e1f8      	LDI  R31,0x18
00002a bdf1      	OUT  WDTCR,R31
00002b bde1      	OUT  WDTCR,R30
                 
                 ;CLEAR R2-R14
00002c e08d      	LDI  R24,(14-2)+1
00002d e0a2      	LDI  R26,2
00002e 27bb      	CLR  R27
                 __CLEAR_REG:
00002f 93ed      	ST   X+,R30
000030 958a      	DEC  R24
000031 f7e9      	BRNE __CLEAR_REG
                 
                 ;CLEAR SRAM
000032 e080      	LDI  R24,LOW(__CLEAR_SRAM_SIZE)
000033 e094      	LDI  R25,HIGH(__CLEAR_SRAM_SIZE)
000034 e6a0      	LDI  R26,__SRAM_START
                 __CLEAR_SRAM:
000035 93ed      	ST   X+,R30
000036 9701      	SBIW R24,1
000037 f7e9      	BRNE __CLEAR_SRAM
                 
                 ;GLOBAL VARIABLES INITIALIZATION
000038 e3ec      	LDI  R30,LOW(__GLOBAL_INI_TBL*2)
000039 e0f0      	LDI  R31,HIGH(__GLOBAL_INI_TBL*2)
                 __GLOBAL_INI_NEXT:
00003a 9185      	LPM  R24,Z+
00003b 9195      	LPM  R25,Z+
00003c 9700      	SBIW R24,0
00003d f061      	BREQ __GLOBAL_INI_END
00003e 91a5      	LPM  R26,Z+
00003f 91b5      	LPM  R27,Z+
000040 9005      	LPM  R0,Z+
000041 9015      	LPM  R1,Z+
000042 01bf      	MOVW R22,R30
000043 01f0      	MOVW R30,R0
                 __GLOBAL_INI_LOOP:
000044 9005      	LPM  R0,Z+
000045 920d      	ST   X+,R0
000046 9701      	SBIW R24,1
000047 f7e1      	BRNE __GLOBAL_INI_LOOP
000048 01fb      	MOVW R30,R22
000049 cff0      	RJMP __GLOBAL_INI_NEXT
                 __GLOBAL_INI_END:
                 
                 ;HARDWARE STACK POINTER INITIALIZATION
00004a e5ef      	LDI  R30,LOW(__SRAM_END-__HEAP_SIZE)
00004b bfed      	OUT  SPL,R30
00004c e0e4      	LDI  R30,HIGH(__SRAM_END-__HEAP_SIZE)
00004d bfee      	OUT  SPH,R30
                 
                 ;DATA STACK POINTER INITIALIZATION
00004e e6c0      	LDI  R28,LOW(__SRAM_START+__DSTACK_SIZE)
00004f e0d1      	LDI  R29,HIGH(__SRAM_START+__DSTACK_SIZE)
                 
000050 c082      	RJMP _main
                 
                 	.ESEG
                 	.ORG 0
                 
                 	.DSEG
                 	.ORG 0x160
                 
                 	.CSEG
                 ;/*****************************************************
                 ;This program was produced by the
                 ;CodeWizardAVR V2.05.3 Standard
                 ;Automatic Program Generator
                 ;© Copyright 1998-2011 Pavel Haiduc, HP InfoTech s.r.l.
                 ;http://www.hpinfotech.com
                 ;
                 ;Project :
                 ;Version :
                 ;Date    : 12/19/2016
                 ;Author  : Saeed
                 ;Company :
                 ;Comments:
                 ;
                 ;
                 ;Chip type               : ATmega8
                 ;Program type            : Application
                 ;AVR Core Clock frequency: 1.000000 MHz
                 ;Memory model            : Small
                 ;External RAM size       : 0
                 ;Data Stack size         : 256
                 ;*****************************************************/
                 ;
                 ;#include <mega8.h>
                 	#ifndef __SLEEP_DEFINED__
                 	#define __SLEEP_DEFINED__
                 	.EQU __se_bit=0x80
                 	.EQU __sm_mask=0x70
                 	.EQU __sm_powerdown=0x20
                 	.EQU __sm_powersave=0x30
                 	.EQU __sm_standby=0x60
                 	.EQU __sm_ext_standby=0x70
                 	.EQU __sm_adc_noise_red=0x10
                 	.SET power_ctrl_reg=mcucr
                 	#endif
                 ;#include <stdlib.h>
                 ;#include <string.h>
                 ;
                 ;#include <delay.h>
                 ;
                 ;#define ADC_VREF_TYPE 0x00
                 ;
                 ;// Read the AD conversion result
                 ;unsigned int read_adc(unsigned char adc_input)
                 ; 0000 0022 {
                 
                 	.CSEG
                 _read_adc:
                 ; 0000 0023 ADMUX=adc_input | (ADC_VREF_TYPE & 0xff);
000051 93aa      	ST   -Y,R26
                 ;	adc_input -> Y+0
000052 81e8      	LD   R30,Y
000053 b9e7      	OUT  0x7,R30
                 ; 0000 0024 // Delay needed for the stabilization of the ADC input voltage
                 ; 0000 0025 delay_us(10);
                +
000054 e083     +LDI R24 , LOW ( 3 )
                +__DELAY_USB_LOOP :
000055 958a     +DEC R24
000056 f7f1     +BRNE __DELAY_USB_LOOP
                 	__DELAY_USB 3
                 ; 0000 0026 // Start the AD conversion
                 ; 0000 0027 ADCSRA|=0x40;
000057 9a36      	SBI  0x6,6
                 ; 0000 0028 // Wait for the AD conversion to complete
                 ; 0000 0029 while ((ADCSRA & 0x10)==0);
                 _0x3:
000058 9b34      	SBIS 0x6,4
000059 cffe      	RJMP _0x3
                 ; 0000 002A ADCSRA|=0x10;
00005a 9a34      	SBI  0x6,4
                 ; 0000 002B return ADCW;
00005b b1e4      	IN   R30,0x4
00005c b1f5      	IN   R31,0x4+1
00005d 9621      	ADIW R28,1
00005e 9508      	RET
                 ; 0000 002C }
                 ;
                 ;#define Disp1 PORTC.2
                 ;#define Disp2 PORTC.3
                 ;#define Disp3 PORTC.4
                 ;#define Disp4 PORTC.5
                 ;
                 ;int translate(char x)
                 ; 0000 0034 {
                 _translate:
                 ; 0000 0035 int result=0x0;
                 ; 0000 0036 
                 ; 0000 0037 switch(x){
00005f 93aa      	ST   -Y,R26
000060 d18d      	RCALL __SAVELOCR2
                 ;	x -> Y+2
                 ;	result -> R16,R17
                +
000061 e000     +LDI R16 , LOW ( 0 )
000062 e010     +LDI R17 , HIGH ( 0 )
                 	__GETWRN 16,17,0
000063 81ea      	LDD  R30,Y+2
000064 e0f0      	LDI  R31,0
                 ; 0000 0038 case '0':
000065 33e0      	CPI  R30,LOW(0x30)
000066 e0a0      	LDI  R26,HIGH(0x30)
000067 07fa      	CPC  R31,R26
000068 f419      	BRNE _0x9
                 ; 0000 0039   result=0x3F;
                +
000069 e30f     +LDI R16 , LOW ( 63 )
00006a e010     +LDI R17 , HIGH ( 63 )
                 	__GETWRN 16,17,63
                 ; 0000 003A break;
00006b c03e      	RJMP _0x8
                 ; 0000 003B case '1':
                 _0x9:
00006c 33e1      	CPI  R30,LOW(0x31)
00006d e0a0      	LDI  R26,HIGH(0x31)
00006e 07fa      	CPC  R31,R26
00006f f419      	BRNE _0xA
                 ; 0000 003C  result=0x06;
                +
000070 e006     +LDI R16 , LOW ( 6 )
000071 e010     +LDI R17 , HIGH ( 6 )
                 	__GETWRN 16,17,6
                 ; 0000 003D  break;
000072 c037      	RJMP _0x8
                 ; 0000 003E case '2':
                 _0xA:
000073 33e2      	CPI  R30,LOW(0x32)
000074 e0a0      	LDI  R26,HIGH(0x32)
000075 07fa      	CPC  R31,R26
000076 f419      	BRNE _0xB
                 ; 0000 003F  result=0x5B;
                +
000077 e50b     +LDI R16 , LOW ( 91 )
000078 e010     +LDI R17 , HIGH ( 91 )
                 	__GETWRN 16,17,91
                 ; 0000 0040  break;
000079 c030      	RJMP _0x8
                 ; 0000 0041 case '3':
                 _0xB:
00007a 33e3      	CPI  R30,LOW(0x33)
00007b e0a0      	LDI  R26,HIGH(0x33)
00007c 07fa      	CPC  R31,R26
00007d f419      	BRNE _0xC
                 ; 0000 0042  result=0x4F;
                +
00007e e40f     +LDI R16 , LOW ( 79 )
00007f e010     +LDI R17 , HIGH ( 79 )
                 	__GETWRN 16,17,79
                 ; 0000 0043  break;
000080 c029      	RJMP _0x8
                 ; 0000 0044 case '4':
                 _0xC:
000081 33e4      	CPI  R30,LOW(0x34)
000082 e0a0      	LDI  R26,HIGH(0x34)
000083 07fa      	CPC  R31,R26
000084 f419      	BRNE _0xD
                 ; 0000 0045  result=0x66;
                +
000085 e606     +LDI R16 , LOW ( 102 )
000086 e010     +LDI R17 , HIGH ( 102 )
                 	__GETWRN 16,17,102
                 ; 0000 0046  break;
000087 c022      	RJMP _0x8
                 ; 0000 0047 case '5':
                 _0xD:
000088 33e5      	CPI  R30,LOW(0x35)
000089 e0a0      	LDI  R26,HIGH(0x35)
00008a 07fa      	CPC  R31,R26
00008b f419      	BRNE _0xE
                 ; 0000 0048  result=0x6D;
                +
00008c e60d     +LDI R16 , LOW ( 109 )
00008d e010     +LDI R17 , HIGH ( 109 )
                 	__GETWRN 16,17,109
                 ; 0000 0049  break;
00008e c01b      	RJMP _0x8
                 ; 0000 004A case '6':
                 _0xE:
00008f 33e6      	CPI  R30,LOW(0x36)
000090 e0a0      	LDI  R26,HIGH(0x36)
000091 07fa      	CPC  R31,R26
000092 f419      	BRNE _0xF
                 ; 0000 004B  result=0x7D;
                +
000093 e70d     +LDI R16 , LOW ( 125 )
000094 e010     +LDI R17 , HIGH ( 125 )
                 	__GETWRN 16,17,125
                 ; 0000 004C  break;
000095 c014      	RJMP _0x8
                 ; 0000 004D case '7':
                 _0xF:
000096 33e7      	CPI  R30,LOW(0x37)
000097 e0a0      	LDI  R26,HIGH(0x37)
000098 07fa      	CPC  R31,R26
000099 f419      	BRNE _0x10
                 ; 0000 004E  result=0x07;
                +
00009a e007     +LDI R16 , LOW ( 7 )
00009b e010     +LDI R17 , HIGH ( 7 )
                 	__GETWRN 16,17,7
                 ; 0000 004F  break;
00009c c00d      	RJMP _0x8
                 ; 0000 0050 case '8':
                 _0x10:
00009d 33e8      	CPI  R30,LOW(0x38)
00009e e0a0      	LDI  R26,HIGH(0x38)
00009f 07fa      	CPC  R31,R26
0000a0 f419      	BRNE _0x11
                 ; 0000 0051  result=0x7F;
                +
0000a1 e70f     +LDI R16 , LOW ( 127 )
0000a2 e010     +LDI R17 , HIGH ( 127 )
                 	__GETWRN 16,17,127
                 ; 0000 0052  break;
0000a3 c006      	RJMP _0x8
                 ; 0000 0053 case '9':
                 _0x11:
0000a4 33e9      	CPI  R30,LOW(0x39)
0000a5 e0a0      	LDI  R26,HIGH(0x39)
0000a6 07fa      	CPC  R31,R26
0000a7 f411      	BRNE _0x8
                 ; 0000 0054  result=0x6F;
                +
0000a8 e60f     +LDI R16 , LOW ( 111 )
0000a9 e010     +LDI R17 , HIGH ( 111 )
                 	__GETWRN 16,17,111
                 ; 0000 0055  break;
                 ; 0000 0056 }
                 _0x8:
                 ; 0000 0057 
                 ; 0000 0058 return result;
0000aa 01f8      	MOVW R30,R16
0000ab d145      	RCALL __LOADLOCR2
0000ac 9623      	ADIW R28,3
0000ad 9508      	RET
                 ; 0000 0059 }
                 ;
                 ;void displayData(char* number)
                 ; 0000 005C {
                 _displayData:
                 ; 0000 005D int v=0;
                 ; 0000 005E 
                 ; 0000 005F Disp1=0;
0000ae 93ba      	ST   -Y,R27
0000af 93aa      	ST   -Y,R26
0000b0 d13d      	RCALL __SAVELOCR2
                 ;	*number -> Y+2
                 ;	v -> R16,R17
                +
0000b1 e000     +LDI R16 , LOW ( 0 )
0000b2 e010     +LDI R17 , HIGH ( 0 )
                 	__GETWRN 16,17,0
0000b3 98aa      	CBI  0x15,2
                 ; 0000 0060 v=translate(number[0]);
0000b4 81aa      	LDD  R26,Y+2
0000b5 81bb      	LDD  R27,Y+2+1
0000b6 91ac      	LD   R26,X
0000b7 d0cb      	RCALL SUBOPT_0x0
                 ; 0000 0061 PORTB=v;
                 ; 0000 0062 delay_ms(10);
0000b8 d0ce      	RCALL SUBOPT_0x1
                 ; 0000 0063 Disp1=1;
0000b9 9aaa      	SBI  0x15,2
                 ; 0000 0064 
                 ; 0000 0065 Disp2=0;
0000ba 98ab      	CBI  0x15,3
                 ; 0000 0066 v=translate(number[1]);
0000bb 81ea      	LDD  R30,Y+2
0000bc 81fb      	LDD  R31,Y+2+1
0000bd 81a1      	LDD  R26,Z+1
0000be d0c4      	RCALL SUBOPT_0x0
                 ; 0000 0067 PORTB=v;
                 ; 0000 0068 PORTB.7=1;
0000bf 9ac7      	SBI  0x18,7
                 ; 0000 0069 delay_ms(10);
0000c0 d0c6      	RCALL SUBOPT_0x1
                 ; 0000 006A Disp2=1;
0000c1 9aab      	SBI  0x15,3
                 ; 0000 006B 
                 ; 0000 006C Disp3=0;
0000c2 98ac      	CBI  0x15,4
                 ; 0000 006D v=translate(number[2]);
0000c3 81ea      	LDD  R30,Y+2
0000c4 81fb      	LDD  R31,Y+2+1
0000c5 81a2      	LDD  R26,Z+2
0000c6 d0bc      	RCALL SUBOPT_0x0
                 ; 0000 006E PORTB=v;
                 ; 0000 006F delay_ms(10);
0000c7 d0bf      	RCALL SUBOPT_0x1
                 ; 0000 0070 Disp3=1;
0000c8 9aac      	SBI  0x15,4
                 ; 0000 0071 
                 ; 0000 0072 Disp4=0;
0000c9 98ad      	CBI  0x15,5
                 ; 0000 0073 v=translate(number[3]);
0000ca 81ea      	LDD  R30,Y+2
0000cb 81fb      	LDD  R31,Y+2+1
0000cc 81a3      	LDD  R26,Z+3
0000cd d0b5      	RCALL SUBOPT_0x0
                 ; 0000 0074 PORTB=v;
                 ; 0000 0075 delay_ms(10);
0000ce d0b8      	RCALL SUBOPT_0x1
                 ; 0000 0076 Disp4=1;
0000cf 9aad      	SBI  0x15,5
                 ; 0000 0077 
                 ; 0000 0078 
                 ; 0000 0079 return;
0000d0 d120      	RCALL __LOADLOCR2
0000d1 9624      	ADIW R28,4
0000d2 9508      	RET
                 ; 0000 007A }
                 ;
                 ;// Declare your global variables here
                 ;
                 ;void main(void)
                 ; 0000 007F {
                 _main:
                 ; 0000 0080       char str[10]={'1','2','3','4','5','6',' ',' ',' ','\0'};
                 ; 0000 0081       int value=0;
                 ; 0000 0082 
                 ; 0000 0083 // Declare your local variables here
                 ; 0000 0084 
                 ; 0000 0085 // Input/Output Ports initialization
                 ; 0000 0086 // Port B initialization
                 ; 0000 0087 // Func7=In Func6=In Func5=In Func4=In Func3=In Func2=In Func1=In Func0=In
                 ; 0000 0088 // State7=T State6=T State5=T State4=T State3=T State2=T State1=T State0=T
                 ; 0000 0089 PORTB=0x00;
0000d3 972a      	SBIW R28,10
0000d4 e08a      	LDI  R24,10
0000d5 e0a0      	LDI  R26,LOW(0)
0000d6 e0b0      	LDI  R27,HIGH(0)
0000d7 e2e6      	LDI  R30,LOW(_0x25*2)
0000d8 e0f0      	LDI  R31,HIGH(_0x25*2)
0000d9 d11a      	RCALL __INITLOCB
                 ;	str -> Y+0
                 ;	value -> R16,R17
                +
0000da e000     +LDI R16 , LOW ( 0 )
0000db e010     +LDI R17 , HIGH ( 0 )
                 	__GETWRN 16,17,0
0000dc e0e0      	LDI  R30,LOW(0)
0000dd bbe8      	OUT  0x18,R30
                 ; 0000 008A DDRB=0xFF;
0000de efef      	LDI  R30,LOW(255)
0000df bbe7      	OUT  0x17,R30
                 ; 0000 008B 
                 ; 0000 008C // Port C initialization
                 ; 0000 008D // Func6=In Func5=In Func4=In Func3=In Func2=In Func1=In Func0=In
                 ; 0000 008E // State6=T State5=T State4=T State3=T State2=T State1=T State0=T
                 ; 0000 008F PORTC=0x00;
0000e0 e0e0      	LDI  R30,LOW(0)
0000e1 bbe5      	OUT  0x15,R30
                 ; 0000 0090 DDRC=0x3C;
0000e2 e3ec      	LDI  R30,LOW(60)
0000e3 bbe4      	OUT  0x14,R30
                 ; 0000 0091 
                 ; 0000 0092 // Port D initialization
                 ; 0000 0093 // Func7=In Func6=In Func5=In Func4=In Func3=Out Func2=Out Func1=Out Func0=Out
                 ; 0000 0094 // State7=T State6=T State5=T State4=T State3=0 State2=0 State1=0 State0=0
                 ; 0000 0095 PORTD=0x00;
0000e4 e0e0      	LDI  R30,LOW(0)
0000e5 bbe2      	OUT  0x12,R30
                 ; 0000 0096 DDRD=0x0F;
0000e6 e0ef      	LDI  R30,LOW(15)
0000e7 bbe1      	OUT  0x11,R30
                 ; 0000 0097 
                 ; 0000 0098 // Timer/Counter 0 initialization
                 ; 0000 0099 // Clock source: System Clock
                 ; 0000 009A // Clock value: Timer 0 Stopped
                 ; 0000 009B TCCR0=0x00;
0000e8 e0e0      	LDI  R30,LOW(0)
0000e9 bfe3      	OUT  0x33,R30
                 ; 0000 009C TCNT0=0x00;
0000ea bfe2      	OUT  0x32,R30
                 ; 0000 009D 
                 ; 0000 009E // Timer/Counter 1 initialization
                 ; 0000 009F // Clock source: System Clock
                 ; 0000 00A0 // Clock value: Timer1 Stopped
                 ; 0000 00A1 // Mode: Normal top=0xFFFF
                 ; 0000 00A2 // OC1A output: Discon.
                 ; 0000 00A3 // OC1B output: Discon.
                 ; 0000 00A4 // Noise Canceler: Off
                 ; 0000 00A5 // Input Capture on Falling Edge
                 ; 0000 00A6 // Timer1 Overflow Interrupt: Off
                 ; 0000 00A7 // Input Capture Interrupt: Off
                 ; 0000 00A8 // Compare A Match Interrupt: Off
                 ; 0000 00A9 // Compare B Match Interrupt: Off
                 ; 0000 00AA TCCR1A=0x00;
0000eb bdef      	OUT  0x2F,R30
                 ; 0000 00AB TCCR1B=0x00;
0000ec bdee      	OUT  0x2E,R30
                 ; 0000 00AC TCNT1H=0x00;
0000ed bded      	OUT  0x2D,R30
                 ; 0000 00AD TCNT1L=0x00;
0000ee bdec      	OUT  0x2C,R30
                 ; 0000 00AE ICR1H=0x00;
0000ef bde7      	OUT  0x27,R30
                 ; 0000 00AF ICR1L=0x00;
0000f0 bde6      	OUT  0x26,R30
                 ; 0000 00B0 OCR1AH=0x00;
0000f1 bdeb      	OUT  0x2B,R30
                 ; 0000 00B1 OCR1AL=0x00;
0000f2 bdea      	OUT  0x2A,R30
                 ; 0000 00B2 OCR1BH=0x00;
0000f3 bde9      	OUT  0x29,R30
                 ; 0000 00B3 OCR1BL=0x00;
0000f4 bde8      	OUT  0x28,R30
                 ; 0000 00B4 
                 ; 0000 00B5 // Timer/Counter 2 initialization
                 ; 0000 00B6 // Clock source: System Clock
                 ; 0000 00B7 // Clock value: Timer2 Stopped
                 ; 0000 00B8 // Mode: Normal top=0xFF
                 ; 0000 00B9 // OC2 output: Disconnected
                 ; 0000 00BA ASSR=0x00;
0000f5 bde2      	OUT  0x22,R30
                 ; 0000 00BB TCCR2=0x00;
0000f6 bde5      	OUT  0x25,R30
                 ; 0000 00BC TCNT2=0x00;
0000f7 bde4      	OUT  0x24,R30
                 ; 0000 00BD OCR2=0x00;
0000f8 bde3      	OUT  0x23,R30
                 ; 0000 00BE 
                 ; 0000 00BF // External Interrupt(s) initialization
                 ; 0000 00C0 // INT0: Off
                 ; 0000 00C1 // INT1: Off
                 ; 0000 00C2 MCUCR=0x00;
0000f9 bfe5      	OUT  0x35,R30
                 ; 0000 00C3 
                 ; 0000 00C4 // Timer(s)/Counter(s) Interrupt(s) initialization
                 ; 0000 00C5 TIMSK=0x00;
0000fa bfe9      	OUT  0x39,R30
                 ; 0000 00C6 
                 ; 0000 00C7 // USART initialization
                 ; 0000 00C8 // USART disabled
                 ; 0000 00C9 UCSRB=0x00;
0000fb b9ea      	OUT  0xA,R30
                 ; 0000 00CA 
                 ; 0000 00CB // Analog Comparator initialization
                 ; 0000 00CC // Analog Comparator: Off
                 ; 0000 00CD // Analog Comparator Input Capture by Timer/Counter 1: Off
                 ; 0000 00CE ACSR=0x80;
0000fc e8e0      	LDI  R30,LOW(128)
0000fd b9e8      	OUT  0x8,R30
                 ; 0000 00CF SFIOR=0x00;
0000fe e0e0      	LDI  R30,LOW(0)
0000ff bfe0      	OUT  0x30,R30
                 ; 0000 00D0 
                 ; 0000 00D1 // ADC initialization
                 ; 0000 00D2 // ADC Clock frequency: 500.000 kHz
                 ; 0000 00D3 // ADC Voltage Reference: AREF pin
                 ; 0000 00D4 ADMUX=ADC_VREF_TYPE & 0xff;
000100 b9e7      	OUT  0x7,R30
                 ; 0000 00D5 
                 ; 0000 00D6 ADCSRA=0x81;
000101 e8e1      	LDI  R30,LOW(129)
000102 b9e6      	OUT  0x6,R30
                 ; 0000 00D7 ADCSRA = (1<<ADEN) | (1<<ADPS2) | (1<<ADPS0);
000103 e8e5      	LDI  R30,LOW(133)
000104 b9e6      	OUT  0x6,R30
                 ; 0000 00D8 
                 ; 0000 00D9 // SPI initialization
                 ; 0000 00DA // SPI disabled
                 ; 0000 00DB SPCR=0x00;
000105 e0e0      	LDI  R30,LOW(0)
000106 b9ed      	OUT  0xD,R30
                 ; 0000 00DC 
                 ; 0000 00DD // TWI initialization
                 ; 0000 00DE // TWI disabled
                 ; 0000 00DF TWCR=0x00;
000107 bfe6      	OUT  0x36,R30
                 ; 0000 00E0 
                 ; 0000 00E1 while (1)
                 _0x26:
                 ; 0000 00E2       {
                 ; 0000 00E3       // Place your code here
                 ; 0000 00E4 
                 ; 0000 00E5       long k=read_adc(1);
                 ; 0000 00E6       long l= k * 50000;
                 ; 0000 00E7       value= l >> 10 ;
000108 9728      	SBIW R28,8
                 ;	str -> Y+8
                 ;	k -> Y+4
                 ;	l -> Y+0
000109 e0a1      	LDI  R26,LOW(1)
00010a df46      	RCALL _read_adc
00010b 2766      	CLR  R22
00010c 2777      	CLR  R23
                +
00010d 83ec     +STD Y + 4 , R30
00010e 83fd     +STD Y + 4 + 1 , R31
00010f 836e     +STD Y + 4 + 2 , R22
000110 837f     +STD Y + 4 + 3 , R23
                 	__PUTD1S 4
                +
000111 e5a0     +LDI R26 , LOW ( 0xC350 )
000112 ecb3     +LDI R27 , HIGH ( 0xC350 )
000113 e080     +LDI R24 , BYTE3 ( 0xC350 )
000114 e090     +LDI R25 , BYTE4 ( 0xC350 )
                 	__GETD2N 0xC350
000115 d0b2      	RCALL __MULD12
000116 d0ce      	RCALL __PUTD1S0
000117 d0c8      	RCALL __GETD2S0
000118 e0ea      	LDI  R30,LOW(10)
000119 d082      	RCALL __ASRD12
00011a 018f      	MOVW R16,R30
                 ; 0000 00E8       if(value>3800)
                +
00011b 3d09     +CPI R16 , LOW ( 3801 )
00011c e0ee     +LDI R30 , HIGH ( 3801 )
00011d 071e     +CPC R17 , R30
                 	__CPWRN 16,17,3801
00011e f014      	BRLT _0x29
                 ; 0000 00E9        PORTD.0=0;
00011f 9890      	CBI  0x12,0
                 ; 0000 00EA       else
000120 c005      	RJMP _0x2C
                 _0x29:
                 ; 0000 00EB       if(value<3600)
                +
000121 3100     +CPI R16 , LOW ( 3600 )
000122 e0ee     +LDI R30 , HIGH ( 3600 )
000123 071e     +CPC R17 , R30
                 	__CPWRN 16,17,3600
000124 f40c      	BRGE _0x2D
                 ; 0000 00EC       {
                 ; 0000 00ED        PORTD.0=1;
000125 9a90      	SBI  0x12,0
                 ; 0000 00EE        }
                 ; 0000 00EF 
                 ; 0000 00F0         itoa(value,str);
                 _0x2D:
                 _0x2C:
000126 931a      	ST   -Y,R17
000127 930a      	ST   -Y,R16
000128 01de      	MOVW R26,R28
000129 961a      	ADIW R26,10
00012a d01e      	RCALL _itoa
                 ; 0000 00F1         while(strlen(str)<4)
                 _0x30:
00012b 01de      	MOVW R26,R28
00012c 9618      	ADIW R26,8
00012d d049      	RCALL _strlen
00012e 9734      	SBIW R30,4
00012f f448      	BRSH _0x32
                 ; 0000 00F2         {
                 ; 0000 00F3          str[3]=str[2];
000130 85ea      	LDD  R30,Y+10
000131 87eb      	STD  Y+11,R30
                 ; 0000 00F4          str[2]=str[1];
000132 85e9      	LDD  R30,Y+9
000133 87ea      	STD  Y+10,R30
                 ; 0000 00F5          str[1]=str[0];
000134 85e8      	LDD  R30,Y+8
000135 87e9      	STD  Y+9,R30
                 ; 0000 00F6          str[0]='0';
000136 e3e0      	LDI  R30,LOW(48)
000137 87e8      	STD  Y+8,R30
                 ; 0000 00F7         }
000138 cff2      	RJMP _0x30
                 _0x32:
                 ; 0000 00F8 
                 ; 0000 00F9 
                 ; 0000 00FA         displayData(str );
000139 01de      	MOVW R26,R28
00013a 9618      	ADIW R26,8
00013b df72      	RCALL _displayData
                 ; 0000 00FB         PORTD.1=1-PIND.1;
00013c e0e0      	LDI  R30,0
00013d 9981      	SBIC 0x10,1
00013e e0e1      	LDI  R30,1
00013f e0a1      	LDI  R26,LOW(1)
000140 d0a9      	RCALL __SWAPB12
000141 1bea      	SUB  R30,R26
000142 f411      	BRNE _0x33
000143 9891      	CBI  0x12,1
000144 c001      	RJMP _0x34
                 _0x33:
000145 9a91      	SBI  0x12,1
                 _0x34:
                 ; 0000 00FC 
                 ; 0000 00FD 
                 ; 0000 00FE       }
000146 9628      	ADIW R28,8
000147 cfc0      	RJMP _0x26
                 ; 0000 00FF }
                 _0x35:
000148 cfff      	RJMP _0x35
                 
                 	.CSEG
                 _itoa:
000149 93ba      	ST   -Y,R27
00014a 93aa      	ST   -Y,R26
00014b 91a9          ld   r26,y+
00014c 91b9          ld   r27,y+
00014d 91e9          ld   r30,y+
00014e 91f9          ld   r31,y+
00014f 9630          adiw r30,0
000150 f42a          brpl __itoa0
000151 95e0          com  r30
000152 95f0          com  r31
000153 9631          adiw r30,1
000154 e26d          ldi  r22,'-'
000155 936d          st   x+,r22
                 __itoa0:
000156 94e8          clt
000157 e180          ldi  r24,low(10000)
000158 e297          ldi  r25,high(10000)
000159 d00d          rcall __itoa1
00015a ee88          ldi  r24,low(1000)
00015b e093          ldi  r25,high(1000)
00015c d00a          rcall __itoa1
00015d e684          ldi  r24,100
00015e 2799          clr  r25
00015f d007          rcall __itoa1
000160 e08a          ldi  r24,10
000161 d005          rcall __itoa1
000162 2f6e          mov  r22,r30
000163 d010          rcall __itoa5
000164 2766          clr  r22
000165 936c          st   x,r22
000166 9508          ret
                 
                 __itoa1:
000167 2766          clr	 r22
                 __itoa2:
000168 17e8          cp   r30,r24
000169 07f9          cpc  r31,r25
00016a f020          brlo __itoa3
00016b 9563          inc  r22
00016c 1be8          sub  r30,r24
00016d 0bf9          sbc  r31,r25
00016e f7c9          brne __itoa2
                 __itoa3:
00016f 2366          tst  r22
000170 f411          brne __itoa4
000171 f016          brts __itoa5
000172 9508          ret
                 __itoa4:
000173 9468          set
                 __itoa5:
000174 5d60          subi r22,-0x30
000175 936d          st   x+,r22
000176 9508          ret
                 
                 	.DSEG
                 
                 	.CSEG
                 
                 	.CSEG
                 _strlen:
000177 93ba      	ST   -Y,R27
000178 93aa      	ST   -Y,R26
000179 91a9          ld   r26,y+
00017a 91b9          ld   r27,y+
00017b 27ee          clr  r30
00017c 27ff          clr  r31
                 strlen0:
00017d 916d          ld   r22,x+
00017e 2366          tst  r22
00017f f011          breq strlen1
000180 9631          adiw r30,1
000181 cffb          rjmp strlen0
                 strlen1:
000182 9508          ret
                 
                 	.CSEG
                 
                 	.CSEG
                 
                 	.DSEG
                 __seed_G100:
000160           	.BYTE 0x4
                 
                 	.CSEG
                 ;OPTIMIZER ADDED SUBROUTINE, CALLED 4 TIMES, CODE SIZE REDUCTION:4 WORDS
                 SUBOPT_0x0:
000183 dedb      	RCALL _translate
000184 018f      	MOVW R16,R30
000185 bb08      	OUT  0x18,R16
000186 9508      	RET
                 
                 ;OPTIMIZER ADDED SUBROUTINE, CALLED 4 TIMES, CODE SIZE REDUCTION:10 WORDS
                 SUBOPT_0x1:
000187 e0aa      	LDI  R26,LOW(10)
000188 e0b0      	LDI  R27,0
000189 c000      	RJMP _delay_ms
                 
                 
                 	.CSEG
                 _delay_ms:
00018a 9610      	adiw r26,0
00018b f039      	breq __delay_ms1
                 __delay_ms0:
                +
00018c ef8a     +LDI R24 , LOW ( 0xFA )
00018d e090     +LDI R25 , HIGH ( 0xFA )
                +__DELAY_USW_LOOP :
00018e 9701     +SBIW R24 , 1
00018f f7f1     +BRNE __DELAY_USW_LOOP
                 	__DELAY_USW 0xFA
000190 95a8      	wdr
000191 9711      	sbiw r26,1
000192 f7c9      	brne __delay_ms0
                 __delay_ms1:
000193 9508      	ret
                 
                 __ANEGD1:
000194 95f0      	COM  R31
000195 9560      	COM  R22
000196 9570      	COM  R23
000197 95e1      	NEG  R30
000198 4fff      	SBCI R31,-1
000199 4f6f      	SBCI R22,-1
00019a 4f7f      	SBCI R23,-1
00019b 9508      	RET
                 
                 __ASRD12:
00019c 23ee      	TST  R30
00019d 2e0e      	MOV  R0,R30
00019e 01fd      	MOVW R30,R26
00019f 01bc      	MOVW R22,R24
0001a0 f031      	BREQ __ASRD12R
                 __ASRD12L:
0001a1 9575      	ASR  R23
0001a2 9567      	ROR  R22
0001a3 95f7      	ROR  R31
0001a4 95e7      	ROR  R30
0001a5 940a      	DEC  R0
0001a6 f7d1      	BRNE __ASRD12L
                 __ASRD12R:
0001a7 9508      	RET
                 
                 __MULD12U:
0001a8 9f7a      	MUL  R23,R26
0001a9 2d70      	MOV  R23,R0
0001aa 9f6b      	MUL  R22,R27
0001ab 0d70      	ADD  R23,R0
0001ac 9ff8      	MUL  R31,R24
0001ad 0d70      	ADD  R23,R0
0001ae 9fe9      	MUL  R30,R25
0001af 0d70      	ADD  R23,R0
0001b0 9f6a      	MUL  R22,R26
0001b1 2d60      	MOV  R22,R0
0001b2 0d71      	ADD  R23,R1
0001b3 9ffb      	MUL  R31,R27
0001b4 0d60      	ADD  R22,R0
0001b5 1d71      	ADC  R23,R1
0001b6 9fe8      	MUL  R30,R24
0001b7 0d60      	ADD  R22,R0
0001b8 1d71      	ADC  R23,R1
0001b9 2788      	CLR  R24
0001ba 9ffa      	MUL  R31,R26
0001bb 2df0      	MOV  R31,R0
0001bc 0d61      	ADD  R22,R1
0001bd 1f78      	ADC  R23,R24
0001be 9feb      	MUL  R30,R27
0001bf 0df0      	ADD  R31,R0
0001c0 1d61      	ADC  R22,R1
0001c1 1f78      	ADC  R23,R24
0001c2 9fea      	MUL  R30,R26
0001c3 2de0      	MOV  R30,R0
0001c4 0df1      	ADD  R31,R1
0001c5 1f68      	ADC  R22,R24
0001c6 1f78      	ADC  R23,R24
0001c7 9508      	RET
                 
                 __MULD12:
0001c8 d004      	RCALL __CHKSIGND
0001c9 dfde      	RCALL __MULD12U
0001ca f40e      	BRTC __MULD121
0001cb dfc8      	RCALL __ANEGD1
                 __MULD121:
0001cc 9508      	RET
                 
                 __CHKSIGND:
0001cd 94e8      	CLT
0001ce ff77      	SBRS R23,7
0001cf c002      	RJMP __CHKSD1
0001d0 dfc3      	RCALL __ANEGD1
0001d1 9468      	SET
                 __CHKSD1:
0001d2 ff97      	SBRS R25,7
0001d3 c00b      	RJMP __CHKSD2
0001d4 2400      	CLR  R0
0001d5 95a0      	COM  R26
0001d6 95b0      	COM  R27
0001d7 9580      	COM  R24
0001d8 9590      	COM  R25
0001d9 9611      	ADIW R26,1
0001da 1d80      	ADC  R24,R0
0001db 1d90      	ADC  R25,R0
0001dc f800      	BLD  R0,0
0001dd 9403      	INC  R0
0001de fa00      	BST  R0,0
                 __CHKSD2:
0001df 9508      	RET
                 
                 __GETD2S0:
0001e0 81a8      	LD   R26,Y
0001e1 81b9      	LDD  R27,Y+1
0001e2 818a      	LDD  R24,Y+2
0001e3 819b      	LDD  R25,Y+3
0001e4 9508      	RET
                 
                 __PUTD1S0:
0001e5 83e8      	ST   Y,R30
0001e6 83f9      	STD  Y+1,R31
0001e7 836a      	STD  Y+2,R22
0001e8 837b      	STD  Y+3,R23
0001e9 9508      	RET
                 
                 __SWAPB12:
0001ea 2e1a      	MOV  R1,R26
0001eb 2fae      	MOV  R26,R30
0001ec 2de1      	MOV  R30,R1
0001ed 9508      	RET
                 
                 __SAVELOCR2:
0001ee 931a      	ST   -Y,R17
0001ef 930a      	ST   -Y,R16
0001f0 9508      	RET
                 
                 __LOADLOCR2:
0001f1 8119      	LDD  R17,Y+1
0001f2 8108      	LD   R16,Y
0001f3 9508      	RET
                 
                 __INITLOCB:
                 __INITLOCW:
0001f4 0fac      	ADD  R26,R28
0001f5 1fbd      	ADC  R27,R29
                 __INITLOC0:
0001f6 9005      	LPM  R0,Z+
0001f7 920d      	ST   X+,R0
0001f8 958a      	DEC  R24
0001f9 f7e1      	BRNE __INITLOC0
0001fa 9508      	RET
                 
                 ;END OF CODE MARKER
                 __END_OF_CODE:


RESOURCE USE INFORMATION
------------------------

Notice:
The register and instruction counts are symbol table hit counts,
and hence implicitly used resources are not counted, eg, the
'lpm' instruction without operands implicitly uses r0 and z,
none of which are counted.

x,y,z are separate entities in the symbol table and are
counted separately from r26..r31 here.

.dseg memory usage only counts static data declared with .byte

ATmega8 register use summary:
r0 :  24 r1 :   9 r2 :   0 r3 :   0 r4 :   0 r5 :   0 r6 :   0 r7 :   0 
r8 :   0 r9 :   0 r10:   0 r11:   0 r12:   0 r13:   0 r14:   0 r15:   0 
r16:  22 r17:  18 r18:   0 r19:   0 r20:   0 r21:   0 r22:  29 r23:  18 
r24:  31 r25:  14 r26:  60 r27:  17 r28:  11 r29:   2 r30: 120 r31:  37 
x  :   9 y  :  49 z  :  11 
Registers used: 17 out of 35 (48.6%)

ATmega8 instruction use summary:
.lds  :   0 .lds.l:   0 .sts  :   0 .sts.l:   0 adc   :  10 add   :  10 
adiw  :  12 and   :   0 andi  :   0 asr   :   1 bclr  :   0 bld   :   1 
brbc  :   0 brbs  :   0 brcc  :   0 brcs  :   0 break :   0 breq  :   4 
brge  :   1 brhc  :   0 brhs  :   0 brid  :   0 brie  :   0 brlo  :   1 
brlt  :   1 brmi  :   0 brne  :  21 brpl  :   1 brsh  :   1 brtc  :   1 
brts  :   1 brvc  :   0 brvs  :   0 bset  :   0 bst   :   1 cbi   :   6 
cbr   :   0 clc   :   0 clh   :   0 cli   :   1 cln   :   0 clr   :  11 
cls   :   0 clt   :   2 clv   :   0 clz   :   0 com   :   9 cp    :   1 
cpc   :  13 cpi   :  12 cpse  :   0 dec   :   4 des   :   0 eor   :   0 
fmul  :   0 fmuls :   0 fmulsu:   0 icall :   0 ijmp  :   0 in    :   2 
inc   :   2 ld    :  11 ldd   :  19 ldi   :  91 lds   :   0 lpm   :   8 
lsl   :   0 lsr   :   0 mov   :   9 movw  :  11 mul   :  10 muls  :   0 
mulsu :   0 neg   :   1 nop   :   0 or    :   0 ori   :   0 out   :  42 
pop   :   0 push  :   0 rcall :  32 ret   :  20 reti  :   0 rjmp  :  40 
rol   :   0 ror   :   3 sbc   :   1 sbci  :   3 sbi   :   9 sbic  :   1 
sbis  :   1 sbiw  :   8 sbr   :   0 sbrc  :   0 sbrs  :   2 sec   :   0 
seh   :   0 sei   :   0 sen   :   0 ser   :   0 ses   :   0 set   :   2 
sev   :   0 sez   :   0 sleep :   0 spm   :   0 st    :  20 std   :  11 
sts   :   0 sub   :   2 subi  :   1 swap  :   0 tst   :   3 wdr   :   1 

Instructions used: 53 out of 114 (46.5%)

ATmega8 memory use summary [bytes]:
Segment   Begin    End      Code   Data   Used    Size   Use%
---------------------------------------------------------------
[.cseg] 0x000000 0x0003f6    984     30   1014    8192  12.4%
[.dseg] 0x000060 0x000164      0      4      4    1119   0.4%
[.eseg] 0x000000 0x000000      0      0      0     512   0.0%

Assembly complete, 0 errors, 2 warnings
